<?xml version="1.0" encoding="UTF-8"?>
<!-- Generated by org.testng.reporters.JUnitXMLReporter -->
<testsuite ignored="3" hostname="Saurabh-PC" failures="0" tests="2" name="Default test" time="34.776" errors="0" timestamp="19 Aug 2018 15:27:41 GMT">
  <testcase classname="com.crm.qa.testcases.LoginPageTest" name="loginTest" time="8.93"/>
  <testcase classname="com.crm.qa.testcases.LoginPageTest" name="loginTest" time="1.85"/>
  <testcase classname="com.crm.qa.testcases.LoginPageTest" name="verifyTitle" time="0.0">
    <ignored/>
  </testcase> <!-- verifyTitle -->
  <testcase classname="com.crm.qa.testcases.LoginPageTest" name="verifyLogo" time="0.0">
    <ignored/>
  </testcase> <!-- verifyLogo -->
  <testcase classname="com.crm.qa.testcases.LoginPageTest" name="wrongcredTest" time="0.0">
    <ignored/>
  </testcase> <!-- wrongcredTest -->
</testsuite> <!-- Default test -->
