<?xml version="1.0" encoding="UTF-8"?>
<testng-results ignored="3" total="5" passed="2" failed="0" skipped="0">
  <reporter-output>
  </reporter-output>
  <suite started-at="2018-08-19T15:27:07Z" name="Default suite" finished-at="2018-08-19T15:27:41Z" duration-ms="34776">
    <groups>
    </groups>
    <test started-at="2018-08-19T15:27:07Z" name="Default test" finished-at="2018-08-19T15:27:41Z" duration-ms="34776">
      <class name="com.crm.qa.testcases.LoginPageTest">
        <test-method is-config="true" signature="setUp()[pri:0, instance:com.crm.qa.testcases.LoginPageTest@201a4587]" started-at="2018-08-19T15:27:08Z" name="setUp" finished-at="2018-08-19T15:27:19Z" duration-ms="11061" status="PASS">
          <reporter-output>
          </reporter-output>
        </test-method> <!-- setUp -->
        <test-method signature="loginTest(java.lang.String, java.lang.String)[pri:2, instance:com.crm.qa.testcases.LoginPageTest@201a4587]" started-at="2018-08-19T15:27:19Z" name="loginTest" data-provider="getlogindata" finished-at="2018-08-19T15:27:28Z" duration-ms="8930" status="PASS">
          <params>
            <param index="0">
              <value>
                <![CDATA[saurabh7292]]>
              </value>
            </param>
            <param index="1">
              <value>
                <![CDATA[saurabh1]]>
              </value>
            </param>
          </params>
          <reporter-output>
          </reporter-output>
        </test-method> <!-- loginTest -->
        <test-method is-config="true" signature="close()[pri:0, instance:com.crm.qa.testcases.LoginPageTest@201a4587]" started-at="2018-08-19T15:27:28Z" name="close" finished-at="2018-08-19T15:27:29Z" duration-ms="1138" status="PASS">
          <reporter-output>
          </reporter-output>
        </test-method> <!-- close -->
        <test-method is-config="true" signature="setUp()[pri:0, instance:com.crm.qa.testcases.LoginPageTest@201a4587]" started-at="2018-08-19T15:27:29Z" name="setUp" finished-at="2018-08-19T15:27:38Z" duration-ms="9313" status="PASS">
          <reporter-output>
          </reporter-output>
        </test-method> <!-- setUp -->
        <test-method signature="loginTest(java.lang.String, java.lang.String)[pri:2, instance:com.crm.qa.testcases.LoginPageTest@201a4587]" started-at="2018-08-19T15:27:38Z" name="loginTest" data-provider="getlogindata" finished-at="2018-08-19T15:27:40Z" duration-ms="1850" status="PASS">
          <params>
            <param index="0">
              <value>
                <![CDATA[sau8989]]>
              </value>
            </param>
            <param index="1">
              <value>
                <![CDATA[uiuiuii]]>
              </value>
            </param>
          </params>
          <reporter-output>
          </reporter-output>
        </test-method> <!-- loginTest -->
        <test-method is-config="true" signature="close()[pri:0, instance:com.crm.qa.testcases.LoginPageTest@201a4587]" started-at="2018-08-19T15:27:40Z" name="close" finished-at="2018-08-19T15:27:41Z" duration-ms="1080" status="PASS">
          <reporter-output>
          </reporter-output>
        </test-method> <!-- close -->
      </class> <!-- com.crm.qa.testcases.LoginPageTest -->
    </test> <!-- Default test -->
  </suite> <!-- Default suite -->
</testng-results>
